14:56:53 INFO  : Registering command handlers for SDK TCF services
14:56:57 INFO  : Launching XSCT server: xsct.bat -interactive C:\Users\Imran\Documents\ece532\tutorial_2\tutorial_2.sdk\temp_xsdb_launch_script.tcl
14:57:00 INFO  : XSCT server has started successfully.
14:57:00 INFO  : Successfully done setting XSCT server connection channel  
14:57:00 INFO  : Successfully done setting SDK workspace  
14:57:00 INFO  : Processing command line option -hwspec C:/Users/Imran/Documents/ece532/tutorial_2/tutorial_2.sdk/design_1_wrapper.hdf.
11:29:37 INFO  : Launching XSCT server: xsct.bat -interactive C:\Users\Imran\Documents\ece532\tutorial_2\tutorial_2.sdk\temp_xsdb_launch_script.tcl
11:29:38 INFO  : XSCT server has started successfully.
11:29:39 INFO  : Successfully done setting XSCT server connection channel  
11:29:39 INFO  : Successfully done setting SDK workspace  
11:29:41 INFO  : Registering command handlers for SDK TCF services
11:29:41 INFO  : Processing command line option -hwspec C:/Users/Imran/Documents/ece532/tutorial_2/tutorial_2.sdk/design_1_wrapper.hdf.
11:29:42 INFO  : Checking for hwspec changes in the project design_1_wrapper_hw_platform_0.
11:41:40 INFO  : Connected to target on host '127.0.0.1' and port '3121'.
11:41:40 INFO  : 'targets -set -filter {jtag_cable_name =~ "Digilent Nexys4DDR 210292646020A" && level==0} -index 0' command is executed.
11:41:42 INFO  : FPGA configured successfully with bitstream "C:/Users/Imran/Documents/ece532/tutorial_2/tutorial_2.sdk/design_1_wrapper_hw_platform_0/download.bit"
11:44:39 INFO  : 'targets -set -filter {jtag_cable_name =~ "Digilent Nexys4DDR 210292646020A" && level==0} -index 0' command is executed.
11:44:39 INFO  : 'fpga -state' command is executed.
11:44:39 INFO  : Connected to target on host '127.0.0.1' and port '3121'.
11:44:39 INFO  : Jtag cable 'Digilent Nexys4DDR 210292646020A' is selected.
11:44:39 INFO  : 'jtag frequency' command is executed.
11:44:39 INFO  : 'configparams mdm-detect-bscan-mask 2' command is executed.
11:44:39 INFO  : Context for processor 'microblaze_0' is selected.
11:44:39 INFO  : Processor reset is completed for 'microblaze_0'.
11:44:39 INFO  : Context for processor 'microblaze_0' is selected.
11:44:39 INFO  : The application 'C:/Users/Imran/Documents/ece532/tutorial_2/tutorial_2.sdk/hello_world/Debug/hello_world.elf' is downloaded to processor 'microblaze_0'.
11:44:39 INFO  : ----------------XSDB Script----------------
connect -url tcp:127.0.0.1:3121
configparams mdm-detect-bscan-mask 2
targets -set -nocase -filter {name =~ "microblaze*#0" && bscan=="USER2"  && jtag_cable_name =~ "Digilent Nexys4DDR 210292646020A"} -index 0
rst -processor
targets -set -nocase -filter {name =~ "microblaze*#0" && bscan=="USER2"  && jtag_cable_name =~ "Digilent Nexys4DDR 210292646020A"} -index 0
dow C:/Users/Imran/Documents/ece532/tutorial_2/tutorial_2.sdk/hello_world/Debug/hello_world.elf
----------------End of Script----------------

11:44:39 INFO  : Context for processor 'microblaze_0' is selected.
11:44:39 INFO  : 'con' command is executed.
11:44:39 INFO  : ----------------XSDB Script (After Launch)----------------
targets -set -nocase -filter {name =~ "microblaze*#0" && bscan=="USER2"  && jtag_cable_name =~ "Digilent Nexys4DDR 210292646020A"} -index 0
con
----------------End of Script----------------

11:44:39 INFO  : Disconnected from the channel tcfchan#1.
11:47:18 INFO  : 'targets -set -filter {jtag_cable_name =~ "Digilent Nexys4DDR 210292646020A" && level==0} -index 0' command is executed.
11:47:18 INFO  : 'fpga -state' command is executed.
11:47:18 INFO  : Connected to target on host '127.0.0.1' and port '3121'.
11:47:18 INFO  : Jtag cable 'Digilent Nexys4DDR 210292646020A' is selected.
11:47:18 INFO  : 'jtag frequency' command is executed.
11:47:18 INFO  : 'configparams mdm-detect-bscan-mask 2' command is executed.
11:47:18 INFO  : Context for processor 'microblaze_0' is selected.
11:47:18 INFO  : Processor reset is completed for 'microblaze_0'.
11:47:18 INFO  : Context for processor 'microblaze_0' is selected.
11:47:18 INFO  : The application 'C:/Users/Imran/Documents/ece532/tutorial_2/tutorial_2.sdk/hello_world/Debug/hello_world.elf' is downloaded to processor 'microblaze_0'.
11:47:18 INFO  : ----------------XSDB Script----------------
connect -url tcp:127.0.0.1:3121
configparams mdm-detect-bscan-mask 2
targets -set -nocase -filter {name =~ "microblaze*#0" && bscan=="USER2"  && jtag_cable_name =~ "Digilent Nexys4DDR 210292646020A"} -index 0
rst -processor
targets -set -nocase -filter {name =~ "microblaze*#0" && bscan=="USER2"  && jtag_cable_name =~ "Digilent Nexys4DDR 210292646020A"} -index 0
dow C:/Users/Imran/Documents/ece532/tutorial_2/tutorial_2.sdk/hello_world/Debug/hello_world.elf
----------------End of Script----------------

11:47:18 INFO  : Context for processor 'microblaze_0' is selected.
11:47:18 INFO  : 'con' command is executed.
11:47:18 INFO  : ----------------XSDB Script (After Launch)----------------
targets -set -nocase -filter {name =~ "microblaze*#0" && bscan=="USER2"  && jtag_cable_name =~ "Digilent Nexys4DDR 210292646020A"} -index 0
con
----------------End of Script----------------

11:47:18 INFO  : Disconnected from the channel tcfchan#2.
11:48:32 INFO  : 'targets -set -filter {jtag_cable_name =~ "Digilent Nexys4DDR 210292646020A" && level==0} -index 0' command is executed.
11:48:32 INFO  : 'fpga -state' command is executed.
11:48:32 INFO  : Connected to target on host '127.0.0.1' and port '3121'.
11:48:32 INFO  : Jtag cable 'Digilent Nexys4DDR 210292646020A' is selected.
11:48:32 INFO  : 'jtag frequency' command is executed.
11:48:32 INFO  : 'configparams mdm-detect-bscan-mask 2' command is executed.
11:48:32 INFO  : Context for processor 'microblaze_0' is selected.
11:48:32 INFO  : Processor reset is completed for 'microblaze_0'.
11:48:32 INFO  : Context for processor 'microblaze_0' is selected.
11:48:32 INFO  : The application 'C:/Users/Imran/Documents/ece532/tutorial_2/tutorial_2.sdk/hello_world/Debug/hello_world.elf' is downloaded to processor 'microblaze_0'.
11:48:32 INFO  : ----------------XSDB Script----------------
connect -url tcp:127.0.0.1:3121
configparams mdm-detect-bscan-mask 2
targets -set -nocase -filter {name =~ "microblaze*#0" && bscan=="USER2"  && jtag_cable_name =~ "Digilent Nexys4DDR 210292646020A"} -index 0
rst -processor
targets -set -nocase -filter {name =~ "microblaze*#0" && bscan=="USER2"  && jtag_cable_name =~ "Digilent Nexys4DDR 210292646020A"} -index 0
dow C:/Users/Imran/Documents/ece532/tutorial_2/tutorial_2.sdk/hello_world/Debug/hello_world.elf
----------------End of Script----------------

11:48:32 INFO  : Context for processor 'microblaze_0' is selected.
11:48:32 INFO  : 'con' command is executed.
11:48:32 INFO  : ----------------XSDB Script (After Launch)----------------
targets -set -nocase -filter {name =~ "microblaze*#0" && bscan=="USER2"  && jtag_cable_name =~ "Digilent Nexys4DDR 210292646020A"} -index 0
con
----------------End of Script----------------

11:48:32 INFO  : Disconnected from the channel tcfchan#3.
11:50:11 INFO  : 'targets -set -filter {jtag_cable_name =~ "Digilent Nexys4DDR 210292646020A" && level==0} -index 0' command is executed.
11:50:11 INFO  : 'fpga -state' command is executed.
11:50:11 INFO  : Connected to target on host '127.0.0.1' and port '3121'.
11:50:11 INFO  : Jtag cable 'Digilent Nexys4DDR 210292646020A' is selected.
11:50:11 INFO  : 'jtag frequency' command is executed.
11:50:11 INFO  : 'configparams mdm-detect-bscan-mask 2' command is executed.
11:50:11 INFO  : Context for processor 'microblaze_0' is selected.
11:50:11 INFO  : Processor reset is completed for 'microblaze_0'.
11:50:11 INFO  : Context for processor 'microblaze_0' is selected.
11:50:11 INFO  : The application 'C:/Users/Imran/Documents/ece532/tutorial_2/tutorial_2.sdk/hello_world/Debug/hello_world.elf' is downloaded to processor 'microblaze_0'.
11:50:11 INFO  : ----------------XSDB Script----------------
connect -url tcp:127.0.0.1:3121
configparams mdm-detect-bscan-mask 2
targets -set -nocase -filter {name =~ "microblaze*#0" && bscan=="USER2"  && jtag_cable_name =~ "Digilent Nexys4DDR 210292646020A"} -index 0
rst -processor
targets -set -nocase -filter {name =~ "microblaze*#0" && bscan=="USER2"  && jtag_cable_name =~ "Digilent Nexys4DDR 210292646020A"} -index 0
dow C:/Users/Imran/Documents/ece532/tutorial_2/tutorial_2.sdk/hello_world/Debug/hello_world.elf
----------------End of Script----------------

11:50:11 INFO  : Context for processor 'microblaze_0' is selected.
11:50:11 INFO  : 'con' command is executed.
11:50:11 INFO  : ----------------XSDB Script (After Launch)----------------
targets -set -nocase -filter {name =~ "microblaze*#0" && bscan=="USER2"  && jtag_cable_name =~ "Digilent Nexys4DDR 210292646020A"} -index 0
con
----------------End of Script----------------

11:50:11 INFO  : Disconnected from the channel tcfchan#4.
00:23:39 INFO  : Registering command handlers for SDK TCF services
00:23:42 INFO  : Launching XSCT server: xsct.bat -interactive C:\Users\Imran\Documents\ece532\tutorial_2\tutorial_2.sdk\temp_xsdb_launch_script.tcl
00:23:44 INFO  : XSCT server has started successfully.
00:23:45 INFO  : Successfully done setting XSCT server connection channel  
00:23:45 INFO  : Successfully done setting SDK workspace  
00:23:45 INFO  : Processing command line option -hwspec C:/Users/Imran/Documents/ece532/tutorial_2/tutorial_2.sdk/design_1_wrapper.hdf.
00:23:45 INFO  : Checking for hwspec changes in the project design_1_wrapper_hw_platform_0.
00:24:58 INFO  : Connected to target on host '127.0.0.1' and port '3121'.
00:24:59 INFO  : 'targets -set -filter {jtag_cable_name =~ "Digilent Nexys4DDR 210292646020A" && level==0} -index 0' command is executed.
00:25:01 INFO  : FPGA configured successfully with bitstream "C:/Users/Imran/Documents/ece532/tutorial_2/tutorial_2.sdk/design_1_wrapper_hw_platform_0/download.bit"
00:25:22 INFO  : 'targets -set -filter {jtag_cable_name =~ "Digilent Nexys4DDR 210292646020A" && level==0} -index 0' command is executed.
00:25:23 INFO  : 'fpga -state' command is executed.
00:25:23 INFO  : Connected to target on host '127.0.0.1' and port '3121'.
00:25:23 INFO  : Jtag cable 'Digilent Nexys4DDR 210292646020A' is selected.
00:25:23 INFO  : 'jtag frequency' command is executed.
00:25:23 INFO  : 'configparams mdm-detect-bscan-mask 2' command is executed.
00:25:23 INFO  : Context for processor 'microblaze_0' is selected.
00:25:23 INFO  : Processor reset is completed for 'microblaze_0'.
00:25:23 INFO  : Context for processor 'microblaze_0' is selected.
00:25:23 INFO  : The application 'C:/Users/Imran/Documents/ece532/tutorial_2/tutorial_2.sdk/hello_world/Debug/hello_world.elf' is downloaded to processor 'microblaze_0'.
00:25:23 INFO  : ----------------XSDB Script----------------
connect -url tcp:127.0.0.1:3121
configparams mdm-detect-bscan-mask 2
targets -set -nocase -filter {name =~ "microblaze*#0" && bscan=="USER2"  && jtag_cable_name =~ "Digilent Nexys4DDR 210292646020A"} -index 0
rst -processor
targets -set -nocase -filter {name =~ "microblaze*#0" && bscan=="USER2"  && jtag_cable_name =~ "Digilent Nexys4DDR 210292646020A"} -index 0
dow C:/Users/Imran/Documents/ece532/tutorial_2/tutorial_2.sdk/hello_world/Debug/hello_world.elf
----------------End of Script----------------

00:25:23 INFO  : Context for processor 'microblaze_0' is selected.
00:25:23 INFO  : 'con' command is executed.
00:25:23 INFO  : ----------------XSDB Script (After Launch)----------------
targets -set -nocase -filter {name =~ "microblaze*#0" && bscan=="USER2"  && jtag_cable_name =~ "Digilent Nexys4DDR 210292646020A"} -index 0
con
----------------End of Script----------------

00:25:23 INFO  : Disconnected from the channel tcfchan#1.
00:25:59 INFO  : 'targets -set -filter {jtag_cable_name =~ "Digilent Nexys4DDR 210292646020A" && level==0} -index 0' command is executed.
00:25:59 INFO  : 'fpga -state' command is executed.
00:25:59 INFO  : Connected to target on host '127.0.0.1' and port '3121'.
00:25:59 INFO  : Jtag cable 'Digilent Nexys4DDR 210292646020A' is selected.
00:25:59 INFO  : 'jtag frequency' command is executed.
00:25:59 INFO  : 'configparams mdm-detect-bscan-mask 2' command is executed.
00:25:59 INFO  : Context for processor 'microblaze_0' is selected.
00:25:59 INFO  : Processor reset is completed for 'microblaze_0'.
00:25:59 INFO  : Context for processor 'microblaze_0' is selected.
00:25:59 INFO  : The application 'C:/Users/Imran/Documents/ece532/tutorial_2/tutorial_2.sdk/hello_world/Debug/hello_world.elf' is downloaded to processor 'microblaze_0'.
00:25:59 INFO  : ----------------XSDB Script----------------
connect -url tcp:127.0.0.1:3121
configparams mdm-detect-bscan-mask 2
targets -set -nocase -filter {name =~ "microblaze*#0" && bscan=="USER2"  && jtag_cable_name =~ "Digilent Nexys4DDR 210292646020A"} -index 0
rst -processor
targets -set -nocase -filter {name =~ "microblaze*#0" && bscan=="USER2"  && jtag_cable_name =~ "Digilent Nexys4DDR 210292646020A"} -index 0
dow C:/Users/Imran/Documents/ece532/tutorial_2/tutorial_2.sdk/hello_world/Debug/hello_world.elf
----------------End of Script----------------

00:25:59 INFO  : Context for processor 'microblaze_0' is selected.
00:25:59 INFO  : 'con' command is executed.
00:25:59 INFO  : ----------------XSDB Script (After Launch)----------------
targets -set -nocase -filter {name =~ "microblaze*#0" && bscan=="USER2"  && jtag_cable_name =~ "Digilent Nexys4DDR 210292646020A"} -index 0
con
----------------End of Script----------------

00:25:59 INFO  : Disconnected from the channel tcfchan#2.
00:36:20 INFO  : Registering command handlers for SDK TCF services
00:36:21 INFO  : Launching XSCT server: xsct.bat -interactive C:\Users\Imran\Documents\ece532\tutorial_2\tutorial_2.sdk\temp_xsdb_launch_script.tcl
00:36:23 INFO  : XSCT server has started successfully.
00:36:23 INFO  : Successfully done setting XSCT server connection channel  
00:36:23 INFO  : Successfully done setting SDK workspace  
00:36:23 INFO  : Processing command line option -hwspec C:/Users/Imran/Documents/ece532/tutorial_2/tutorial_2.sdk/design_1_wrapper.hdf.
00:36:23 INFO  : Checking for hwspec changes in the project design_1_wrapper_hw_platform_0.
00:37:40 INFO  : 'targets -set -filter {jtag_cable_name =~ "Digilent Nexys4DDR 210292646020A" && level==0} -index 0' command is executed.
00:37:40 INFO  : 'fpga -state' command is executed.
00:37:40 INFO  : Connected to target on host '127.0.0.1' and port '3121'.
00:37:41 INFO  : Jtag cable 'Digilent Nexys4DDR 210292646020A' is selected.
00:37:41 INFO  : 'jtag frequency' command is executed.
00:37:41 INFO  : 'configparams mdm-detect-bscan-mask 2' command is executed.
00:37:41 INFO  : Context for processor 'microblaze_0' is selected.
00:37:41 INFO  : Processor reset is completed for 'microblaze_0'.
00:37:41 INFO  : Context for processor 'microblaze_0' is selected.
00:37:41 INFO  : The application 'C:/Users/Imran/Documents/ece532/tutorial_2/tutorial_2.sdk/hello_world/Debug/hello_world.elf' is downloaded to processor 'microblaze_0'.
00:37:41 INFO  : ----------------XSDB Script----------------
connect -url tcp:127.0.0.1:3121
configparams mdm-detect-bscan-mask 2
targets -set -nocase -filter {name =~ "microblaze*#0" && bscan=="USER2"  && jtag_cable_name =~ "Digilent Nexys4DDR 210292646020A"} -index 0
rst -processor
targets -set -nocase -filter {name =~ "microblaze*#0" && bscan=="USER2"  && jtag_cable_name =~ "Digilent Nexys4DDR 210292646020A"} -index 0
dow C:/Users/Imran/Documents/ece532/tutorial_2/tutorial_2.sdk/hello_world/Debug/hello_world.elf
----------------End of Script----------------

00:37:41 INFO  : Context for processor 'microblaze_0' is selected.
00:37:41 INFO  : 'con' command is executed.
00:37:41 INFO  : ----------------XSDB Script (After Launch)----------------
targets -set -nocase -filter {name =~ "microblaze*#0" && bscan=="USER2"  && jtag_cable_name =~ "Digilent Nexys4DDR 210292646020A"} -index 0
con
----------------End of Script----------------

00:37:41 INFO  : Disconnected from the channel tcfchan#1.
00:42:31 INFO  : 'targets -set -filter {jtag_cable_name =~ "Digilent Nexys4DDR 210292646020A" && level==0} -index 0' command is executed.
00:42:31 INFO  : 'fpga -state' command is executed.
00:42:31 INFO  : Connected to target on host '127.0.0.1' and port '3121'.
00:42:31 INFO  : Jtag cable 'Digilent Nexys4DDR 210292646020A' is selected.
00:42:31 INFO  : 'jtag frequency' command is executed.
00:42:31 INFO  : 'configparams mdm-detect-bscan-mask 2' command is executed.
00:42:31 INFO  : Context for processor 'microblaze_0' is selected.
00:42:31 INFO  : Processor reset is completed for 'microblaze_0'.
00:42:31 INFO  : Context for processor 'microblaze_0' is selected.
00:42:31 INFO  : The application 'C:/Users/Imran/Documents/ece532/tutorial_2/tutorial_2.sdk/hello_world/Debug/hello_world.elf' is downloaded to processor 'microblaze_0'.
00:42:31 INFO  : ----------------XSDB Script----------------
connect -url tcp:127.0.0.1:3121
configparams mdm-detect-bscan-mask 2
targets -set -nocase -filter {name =~ "microblaze*#0" && bscan=="USER2"  && jtag_cable_name =~ "Digilent Nexys4DDR 210292646020A"} -index 0
rst -processor
targets -set -nocase -filter {name =~ "microblaze*#0" && bscan=="USER2"  && jtag_cable_name =~ "Digilent Nexys4DDR 210292646020A"} -index 0
dow C:/Users/Imran/Documents/ece532/tutorial_2/tutorial_2.sdk/hello_world/Debug/hello_world.elf
----------------End of Script----------------

00:42:31 INFO  : Context for processor 'microblaze_0' is selected.
00:42:31 INFO  : 'con' command is executed.
00:42:31 INFO  : ----------------XSDB Script (After Launch)----------------
targets -set -nocase -filter {name =~ "microblaze*#0" && bscan=="USER2"  && jtag_cable_name =~ "Digilent Nexys4DDR 210292646020A"} -index 0
con
----------------End of Script----------------

00:42:31 INFO  : Disconnected from the channel tcfchan#2.
00:45:10 INFO  : 'targets -set -filter {jtag_cable_name =~ "Digilent Nexys4DDR 210292646020A" && level==0} -index 0' command is executed.
00:45:10 INFO  : 'fpga -state' command is executed.
00:45:10 INFO  : Connected to target on host '127.0.0.1' and port '3121'.
00:45:10 INFO  : Jtag cable 'Digilent Nexys4DDR 210292646020A' is selected.
00:45:10 INFO  : 'jtag frequency' command is executed.
00:45:10 INFO  : 'configparams mdm-detect-bscan-mask 2' command is executed.
00:45:10 INFO  : Context for processor 'microblaze_0' is selected.
00:45:10 INFO  : Processor reset is completed for 'microblaze_0'.
00:45:10 INFO  : Context for processor 'microblaze_0' is selected.
00:45:10 INFO  : The application 'C:/Users/Imran/Documents/ece532/tutorial_2/tutorial_2.sdk/hello_world/Debug/hello_world.elf' is downloaded to processor 'microblaze_0'.
00:45:10 INFO  : ----------------XSDB Script----------------
connect -url tcp:127.0.0.1:3121
configparams mdm-detect-bscan-mask 2
targets -set -nocase -filter {name =~ "microblaze*#0" && bscan=="USER2"  && jtag_cable_name =~ "Digilent Nexys4DDR 210292646020A"} -index 0
rst -processor
targets -set -nocase -filter {name =~ "microblaze*#0" && bscan=="USER2"  && jtag_cable_name =~ "Digilent Nexys4DDR 210292646020A"} -index 0
dow C:/Users/Imran/Documents/ece532/tutorial_2/tutorial_2.sdk/hello_world/Debug/hello_world.elf
----------------End of Script----------------

00:45:10 INFO  : Context for processor 'microblaze_0' is selected.
00:45:10 INFO  : 'con' command is executed.
00:45:10 INFO  : ----------------XSDB Script (After Launch)----------------
targets -set -nocase -filter {name =~ "microblaze*#0" && bscan=="USER2"  && jtag_cable_name =~ "Digilent Nexys4DDR 210292646020A"} -index 0
con
----------------End of Script----------------

00:45:10 INFO  : Disconnected from the channel tcfchan#3.
00:48:28 INFO  : 'targets -set -filter {jtag_cable_name =~ "Digilent Nexys4DDR 210292646020A" && level==0} -index 0' command is executed.
00:48:28 INFO  : 'fpga -state' command is executed.
00:48:28 INFO  : Connected to target on host '127.0.0.1' and port '3121'.
00:48:28 INFO  : Jtag cable 'Digilent Nexys4DDR 210292646020A' is selected.
00:48:28 INFO  : 'jtag frequency' command is executed.
00:48:28 INFO  : 'configparams mdm-detect-bscan-mask 2' command is executed.
00:48:29 INFO  : Context for processor 'microblaze_0' is selected.
00:48:29 INFO  : Processor reset is completed for 'microblaze_0'.
00:48:29 INFO  : Context for processor 'microblaze_0' is selected.
00:48:29 INFO  : The application 'C:/Users/Imran/Documents/ece532/tutorial_2/tutorial_2.sdk/hello_world/Debug/hello_world.elf' is downloaded to processor 'microblaze_0'.
00:48:29 INFO  : ----------------XSDB Script----------------
connect -url tcp:127.0.0.1:3121
configparams mdm-detect-bscan-mask 2
targets -set -nocase -filter {name =~ "microblaze*#0" && bscan=="USER2"  && jtag_cable_name =~ "Digilent Nexys4DDR 210292646020A"} -index 0
rst -processor
targets -set -nocase -filter {name =~ "microblaze*#0" && bscan=="USER2"  && jtag_cable_name =~ "Digilent Nexys4DDR 210292646020A"} -index 0
dow C:/Users/Imran/Documents/ece532/tutorial_2/tutorial_2.sdk/hello_world/Debug/hello_world.elf
----------------End of Script----------------

00:48:29 INFO  : Context for processor 'microblaze_0' is selected.
00:48:29 INFO  : 'con' command is executed.
00:48:29 INFO  : ----------------XSDB Script (After Launch)----------------
targets -set -nocase -filter {name =~ "microblaze*#0" && bscan=="USER2"  && jtag_cable_name =~ "Digilent Nexys4DDR 210292646020A"} -index 0
con
----------------End of Script----------------

00:48:29 INFO  : Disconnected from the channel tcfchan#4.
00:48:57 INFO  : 'targets -set -filter {jtag_cable_name =~ "Digilent Nexys4DDR 210292646020A" && level==0} -index 0' command is executed.
00:48:57 INFO  : 'fpga -state' command is executed.
00:48:57 INFO  : Connected to target on host '127.0.0.1' and port '3121'.
00:48:57 INFO  : Jtag cable 'Digilent Nexys4DDR 210292646020A' is selected.
00:48:57 INFO  : 'jtag frequency' command is executed.
00:48:57 INFO  : 'configparams mdm-detect-bscan-mask 2' command is executed.
00:48:57 INFO  : Context for processor 'microblaze_0' is selected.
00:48:57 INFO  : Processor reset is completed for 'microblaze_0'.
00:48:57 INFO  : Context for processor 'microblaze_0' is selected.
00:48:57 INFO  : The application 'C:/Users/Imran/Documents/ece532/tutorial_2/tutorial_2.sdk/hello_world/Debug/hello_world.elf' is downloaded to processor 'microblaze_0'.
00:48:57 INFO  : ----------------XSDB Script----------------
connect -url tcp:127.0.0.1:3121
configparams mdm-detect-bscan-mask 2
targets -set -nocase -filter {name =~ "microblaze*#0" && bscan=="USER2"  && jtag_cable_name =~ "Digilent Nexys4DDR 210292646020A"} -index 0
rst -processor
targets -set -nocase -filter {name =~ "microblaze*#0" && bscan=="USER2"  && jtag_cable_name =~ "Digilent Nexys4DDR 210292646020A"} -index 0
dow C:/Users/Imran/Documents/ece532/tutorial_2/tutorial_2.sdk/hello_world/Debug/hello_world.elf
----------------End of Script----------------

00:48:58 INFO  : Context for processor 'microblaze_0' is selected.
00:48:58 INFO  : 'con' command is executed.
00:48:58 INFO  : ----------------XSDB Script (After Launch)----------------
targets -set -nocase -filter {name =~ "microblaze*#0" && bscan=="USER2"  && jtag_cable_name =~ "Digilent Nexys4DDR 210292646020A"} -index 0
con
----------------End of Script----------------

00:48:58 INFO  : Disconnected from the channel tcfchan#5.
00:50:32 INFO  : 'targets -set -filter {jtag_cable_name =~ "Digilent Nexys4DDR 210292646020A" && level==0} -index 0' command is executed.
00:50:32 INFO  : 'fpga -state' command is executed.
00:50:32 INFO  : Connected to target on host '127.0.0.1' and port '3121'.
00:50:32 INFO  : Jtag cable 'Digilent Nexys4DDR 210292646020A' is selected.
00:50:32 INFO  : 'jtag frequency' command is executed.
00:50:32 INFO  : 'configparams mdm-detect-bscan-mask 2' command is executed.
00:50:32 INFO  : Context for processor 'microblaze_0' is selected.
00:50:32 INFO  : Processor reset is completed for 'microblaze_0'.
00:50:32 INFO  : Context for processor 'microblaze_0' is selected.
00:50:32 INFO  : The application 'C:/Users/Imran/Documents/ece532/tutorial_2/tutorial_2.sdk/hello_world/Debug/hello_world.elf' is downloaded to processor 'microblaze_0'.
00:50:32 INFO  : ----------------XSDB Script----------------
connect -url tcp:127.0.0.1:3121
configparams mdm-detect-bscan-mask 2
targets -set -nocase -filter {name =~ "microblaze*#0" && bscan=="USER2"  && jtag_cable_name =~ "Digilent Nexys4DDR 210292646020A"} -index 0
rst -processor
targets -set -nocase -filter {name =~ "microblaze*#0" && bscan=="USER2"  && jtag_cable_name =~ "Digilent Nexys4DDR 210292646020A"} -index 0
dow C:/Users/Imran/Documents/ece532/tutorial_2/tutorial_2.sdk/hello_world/Debug/hello_world.elf
----------------End of Script----------------

00:50:32 INFO  : Context for processor 'microblaze_0' is selected.
00:50:32 INFO  : 'con' command is executed.
00:50:32 INFO  : ----------------XSDB Script (After Launch)----------------
targets -set -nocase -filter {name =~ "microblaze*#0" && bscan=="USER2"  && jtag_cable_name =~ "Digilent Nexys4DDR 210292646020A"} -index 0
con
----------------End of Script----------------

00:50:32 INFO  : Disconnected from the channel tcfchan#6.
01:03:10 INFO  : 'targets -set -filter {jtag_cable_name =~ "Digilent Nexys4DDR 210292646020A" && level==0} -index 0' command is executed.
01:03:10 INFO  : 'fpga -state' command is executed.
01:03:10 INFO  : Connected to target on host '127.0.0.1' and port '3121'.
01:03:11 INFO  : Jtag cable 'Digilent Nexys4DDR 210292646020A' is selected.
01:03:11 INFO  : 'jtag frequency' command is executed.
01:03:11 INFO  : 'configparams mdm-detect-bscan-mask 2' command is executed.
01:03:11 INFO  : Context for processor 'microblaze_0' is selected.
01:03:11 INFO  : Processor reset is completed for 'microblaze_0'.
01:03:11 INFO  : Context for processor 'microblaze_0' is selected.
01:03:11 INFO  : The application 'C:/Users/Imran/Documents/ece532/tutorial_2/tutorial_2.sdk/hello_world/Debug/hello_world.elf' is downloaded to processor 'microblaze_0'.
01:03:11 INFO  : ----------------XSDB Script----------------
connect -url tcp:127.0.0.1:3121
configparams mdm-detect-bscan-mask 2
targets -set -nocase -filter {name =~ "microblaze*#0" && bscan=="USER2"  && jtag_cable_name =~ "Digilent Nexys4DDR 210292646020A"} -index 0
rst -processor
targets -set -nocase -filter {name =~ "microblaze*#0" && bscan=="USER2"  && jtag_cable_name =~ "Digilent Nexys4DDR 210292646020A"} -index 0
dow C:/Users/Imran/Documents/ece532/tutorial_2/tutorial_2.sdk/hello_world/Debug/hello_world.elf
----------------End of Script----------------

01:03:11 INFO  : Context for processor 'microblaze_0' is selected.
01:03:11 INFO  : 'con' command is executed.
01:03:11 INFO  : ----------------XSDB Script (After Launch)----------------
targets -set -nocase -filter {name =~ "microblaze*#0" && bscan=="USER2"  && jtag_cable_name =~ "Digilent Nexys4DDR 210292646020A"} -index 0
con
----------------End of Script----------------

01:03:11 INFO  : Disconnected from the channel tcfchan#7.
01:04:12 INFO  : 'targets -set -filter {jtag_cable_name =~ "Digilent Nexys4DDR 210292646020A" && level==0} -index 0' command is executed.
01:04:12 INFO  : 'fpga -state' command is executed.
01:04:12 INFO  : Connected to target on host '127.0.0.1' and port '3121'.
01:04:12 INFO  : Jtag cable 'Digilent Nexys4DDR 210292646020A' is selected.
01:04:12 INFO  : 'jtag frequency' command is executed.
01:04:12 INFO  : 'configparams mdm-detect-bscan-mask 2' command is executed.
01:04:12 INFO  : Context for processor 'microblaze_0' is selected.
01:04:12 INFO  : Processor reset is completed for 'microblaze_0'.
01:04:12 INFO  : Context for processor 'microblaze_0' is selected.
01:04:13 INFO  : The application 'C:/Users/Imran/Documents/ece532/tutorial_2/tutorial_2.sdk/hello_world/Debug/hello_world.elf' is downloaded to processor 'microblaze_0'.
01:04:13 INFO  : ----------------XSDB Script----------------
connect -url tcp:127.0.0.1:3121
configparams mdm-detect-bscan-mask 2
targets -set -nocase -filter {name =~ "microblaze*#0" && bscan=="USER2"  && jtag_cable_name =~ "Digilent Nexys4DDR 210292646020A"} -index 0
rst -processor
targets -set -nocase -filter {name =~ "microblaze*#0" && bscan=="USER2"  && jtag_cable_name =~ "Digilent Nexys4DDR 210292646020A"} -index 0
dow C:/Users/Imran/Documents/ece532/tutorial_2/tutorial_2.sdk/hello_world/Debug/hello_world.elf
----------------End of Script----------------

01:04:13 INFO  : Context for processor 'microblaze_0' is selected.
01:04:13 INFO  : 'con' command is executed.
01:04:13 INFO  : ----------------XSDB Script (After Launch)----------------
targets -set -nocase -filter {name =~ "microblaze*#0" && bscan=="USER2"  && jtag_cable_name =~ "Digilent Nexys4DDR 210292646020A"} -index 0
con
----------------End of Script----------------

01:04:13 INFO  : Disconnected from the channel tcfchan#8.
01:04:29 INFO  : 'targets -set -filter {jtag_cable_name =~ "Digilent Nexys4DDR 210292646020A" && level==0} -index 0' command is executed.
01:04:29 INFO  : 'fpga -state' command is executed.
01:04:29 INFO  : Connected to target on host '127.0.0.1' and port '3121'.
01:04:30 INFO  : Jtag cable 'Digilent Nexys4DDR 210292646020A' is selected.
01:04:30 INFO  : 'jtag frequency' command is executed.
01:04:30 INFO  : 'configparams mdm-detect-bscan-mask 2' command is executed.
01:04:30 INFO  : Context for processor 'microblaze_0' is selected.
01:04:30 INFO  : Processor reset is completed for 'microblaze_0'.
01:04:30 INFO  : Context for processor 'microblaze_0' is selected.
01:04:30 INFO  : The application 'C:/Users/Imran/Documents/ece532/tutorial_2/tutorial_2.sdk/hello_world/Debug/hello_world.elf' is downloaded to processor 'microblaze_0'.
01:04:30 INFO  : ----------------XSDB Script----------------
connect -url tcp:127.0.0.1:3121
configparams mdm-detect-bscan-mask 2
targets -set -nocase -filter {name =~ "microblaze*#0" && bscan=="USER2"  && jtag_cable_name =~ "Digilent Nexys4DDR 210292646020A"} -index 0
rst -processor
targets -set -nocase -filter {name =~ "microblaze*#0" && bscan=="USER2"  && jtag_cable_name =~ "Digilent Nexys4DDR 210292646020A"} -index 0
dow C:/Users/Imran/Documents/ece532/tutorial_2/tutorial_2.sdk/hello_world/Debug/hello_world.elf
----------------End of Script----------------

01:04:30 INFO  : Context for processor 'microblaze_0' is selected.
01:04:30 INFO  : 'con' command is executed.
01:04:30 INFO  : ----------------XSDB Script (After Launch)----------------
targets -set -nocase -filter {name =~ "microblaze*#0" && bscan=="USER2"  && jtag_cable_name =~ "Digilent Nexys4DDR 210292646020A"} -index 0
con
----------------End of Script----------------

01:04:30 INFO  : Disconnected from the channel tcfchan#9.
01:05:24 INFO  : 'targets -set -filter {jtag_cable_name =~ "Digilent Nexys4DDR 210292646020A" && level==0} -index 0' command is executed.
01:05:24 INFO  : 'fpga -state' command is executed.
01:05:24 INFO  : Connected to target on host '127.0.0.1' and port '3121'.
01:05:24 INFO  : Jtag cable 'Digilent Nexys4DDR 210292646020A' is selected.
01:05:24 INFO  : 'jtag frequency' command is executed.
01:05:24 INFO  : 'configparams mdm-detect-bscan-mask 2' command is executed.
01:05:24 INFO  : Context for processor 'microblaze_0' is selected.
01:05:24 INFO  : Processor reset is completed for 'microblaze_0'.
01:05:24 INFO  : Context for processor 'microblaze_0' is selected.
01:05:24 INFO  : The application 'C:/Users/Imran/Documents/ece532/tutorial_2/tutorial_2.sdk/hello_world/Debug/hello_world.elf' is downloaded to processor 'microblaze_0'.
01:05:24 INFO  : ----------------XSDB Script----------------
connect -url tcp:127.0.0.1:3121
configparams mdm-detect-bscan-mask 2
targets -set -nocase -filter {name =~ "microblaze*#0" && bscan=="USER2"  && jtag_cable_name =~ "Digilent Nexys4DDR 210292646020A"} -index 0
rst -processor
targets -set -nocase -filter {name =~ "microblaze*#0" && bscan=="USER2"  && jtag_cable_name =~ "Digilent Nexys4DDR 210292646020A"} -index 0
dow C:/Users/Imran/Documents/ece532/tutorial_2/tutorial_2.sdk/hello_world/Debug/hello_world.elf
----------------End of Script----------------

01:05:24 INFO  : Context for processor 'microblaze_0' is selected.
01:05:24 INFO  : 'con' command is executed.
01:05:24 INFO  : ----------------XSDB Script (After Launch)----------------
targets -set -nocase -filter {name =~ "microblaze*#0" && bscan=="USER2"  && jtag_cable_name =~ "Digilent Nexys4DDR 210292646020A"} -index 0
con
----------------End of Script----------------

01:05:24 INFO  : Disconnected from the channel tcfchan#10.
01:06:02 INFO  : 'targets -set -filter {jtag_cable_name =~ "Digilent Nexys4DDR 210292646020A" && level==0} -index 0' command is executed.
01:06:02 INFO  : 'fpga -state' command is executed.
01:06:02 INFO  : Connected to target on host '127.0.0.1' and port '3121'.
01:06:02 INFO  : Jtag cable 'Digilent Nexys4DDR 210292646020A' is selected.
01:06:02 INFO  : 'jtag frequency' command is executed.
01:06:02 INFO  : 'configparams mdm-detect-bscan-mask 2' command is executed.
01:06:02 INFO  : Context for processor 'microblaze_0' is selected.
01:06:02 INFO  : Processor reset is completed for 'microblaze_0'.
01:06:02 INFO  : Context for processor 'microblaze_0' is selected.
01:06:02 INFO  : The application 'C:/Users/Imran/Documents/ece532/tutorial_2/tutorial_2.sdk/hello_world/Debug/hello_world.elf' is downloaded to processor 'microblaze_0'.
01:06:02 INFO  : ----------------XSDB Script----------------
connect -url tcp:127.0.0.1:3121
configparams mdm-detect-bscan-mask 2
targets -set -nocase -filter {name =~ "microblaze*#0" && bscan=="USER2"  && jtag_cable_name =~ "Digilent Nexys4DDR 210292646020A"} -index 0
rst -processor
targets -set -nocase -filter {name =~ "microblaze*#0" && bscan=="USER2"  && jtag_cable_name =~ "Digilent Nexys4DDR 210292646020A"} -index 0
dow C:/Users/Imran/Documents/ece532/tutorial_2/tutorial_2.sdk/hello_world/Debug/hello_world.elf
----------------End of Script----------------

01:06:02 INFO  : Context for processor 'microblaze_0' is selected.
01:06:02 INFO  : 'con' command is executed.
01:06:02 INFO  : ----------------XSDB Script (After Launch)----------------
targets -set -nocase -filter {name =~ "microblaze*#0" && bscan=="USER2"  && jtag_cable_name =~ "Digilent Nexys4DDR 210292646020A"} -index 0
con
----------------End of Script----------------

01:06:02 INFO  : Disconnected from the channel tcfchan#11.
01:06:35 INFO  : 'targets -set -filter {jtag_cable_name =~ "Digilent Nexys4DDR 210292646020A" && level==0} -index 0' command is executed.
01:06:35 INFO  : 'fpga -state' command is executed.
01:06:35 INFO  : Connected to target on host '127.0.0.1' and port '3121'.
01:06:35 INFO  : Jtag cable 'Digilent Nexys4DDR 210292646020A' is selected.
01:06:35 INFO  : 'jtag frequency' command is executed.
01:06:35 INFO  : 'configparams mdm-detect-bscan-mask 2' command is executed.
01:06:35 INFO  : Context for processor 'microblaze_0' is selected.
01:06:35 INFO  : Processor reset is completed for 'microblaze_0'.
01:06:35 INFO  : Context for processor 'microblaze_0' is selected.
01:06:35 INFO  : The application 'C:/Users/Imran/Documents/ece532/tutorial_2/tutorial_2.sdk/hello_world/Debug/hello_world.elf' is downloaded to processor 'microblaze_0'.
01:06:35 INFO  : ----------------XSDB Script----------------
connect -url tcp:127.0.0.1:3121
configparams mdm-detect-bscan-mask 2
targets -set -nocase -filter {name =~ "microblaze*#0" && bscan=="USER2"  && jtag_cable_name =~ "Digilent Nexys4DDR 210292646020A"} -index 0
rst -processor
targets -set -nocase -filter {name =~ "microblaze*#0" && bscan=="USER2"  && jtag_cable_name =~ "Digilent Nexys4DDR 210292646020A"} -index 0
dow C:/Users/Imran/Documents/ece532/tutorial_2/tutorial_2.sdk/hello_world/Debug/hello_world.elf
----------------End of Script----------------

01:06:35 INFO  : Context for processor 'microblaze_0' is selected.
01:06:35 INFO  : 'con' command is executed.
01:06:35 INFO  : ----------------XSDB Script (After Launch)----------------
targets -set -nocase -filter {name =~ "microblaze*#0" && bscan=="USER2"  && jtag_cable_name =~ "Digilent Nexys4DDR 210292646020A"} -index 0
con
----------------End of Script----------------

01:06:35 INFO  : Disconnected from the channel tcfchan#12.
01:07:47 INFO  : 'targets -set -filter {jtag_cable_name =~ "Digilent Nexys4DDR 210292646020A" && level==0} -index 0' command is executed.
01:07:47 INFO  : 'fpga -state' command is executed.
01:07:47 INFO  : Connected to target on host '127.0.0.1' and port '3121'.
01:07:48 INFO  : Jtag cable 'Digilent Nexys4DDR 210292646020A' is selected.
01:07:48 INFO  : 'jtag frequency' command is executed.
01:07:48 INFO  : 'configparams mdm-detect-bscan-mask 2' command is executed.
01:07:48 INFO  : Context for processor 'microblaze_0' is selected.
01:07:48 INFO  : Processor reset is completed for 'microblaze_0'.
01:07:48 INFO  : Context for processor 'microblaze_0' is selected.
01:07:48 INFO  : The application 'C:/Users/Imran/Documents/ece532/tutorial_2/tutorial_2.sdk/hello_world/Debug/hello_world.elf' is downloaded to processor 'microblaze_0'.
01:07:48 INFO  : ----------------XSDB Script----------------
connect -url tcp:127.0.0.1:3121
configparams mdm-detect-bscan-mask 2
targets -set -nocase -filter {name =~ "microblaze*#0" && bscan=="USER2"  && jtag_cable_name =~ "Digilent Nexys4DDR 210292646020A"} -index 0
rst -processor
targets -set -nocase -filter {name =~ "microblaze*#0" && bscan=="USER2"  && jtag_cable_name =~ "Digilent Nexys4DDR 210292646020A"} -index 0
dow C:/Users/Imran/Documents/ece532/tutorial_2/tutorial_2.sdk/hello_world/Debug/hello_world.elf
----------------End of Script----------------

01:07:48 INFO  : Context for processor 'microblaze_0' is selected.
01:07:48 INFO  : 'con' command is executed.
01:07:48 INFO  : ----------------XSDB Script (After Launch)----------------
targets -set -nocase -filter {name =~ "microblaze*#0" && bscan=="USER2"  && jtag_cable_name =~ "Digilent Nexys4DDR 210292646020A"} -index 0
con
----------------End of Script----------------

01:07:48 INFO  : Disconnected from the channel tcfchan#13.
01:09:04 INFO  : 'targets -set -filter {jtag_cable_name =~ "Digilent Nexys4DDR 210292646020A" && level==0} -index 0' command is executed.
01:09:04 INFO  : 'fpga -state' command is executed.
01:09:04 INFO  : Connected to target on host '127.0.0.1' and port '3121'.
01:09:04 INFO  : Jtag cable 'Digilent Nexys4DDR 210292646020A' is selected.
01:09:04 INFO  : 'jtag frequency' command is executed.
01:09:04 INFO  : 'configparams mdm-detect-bscan-mask 2' command is executed.
01:09:04 INFO  : Context for processor 'microblaze_0' is selected.
01:09:04 INFO  : Processor reset is completed for 'microblaze_0'.
01:09:04 INFO  : Context for processor 'microblaze_0' is selected.
01:09:05 INFO  : The application 'C:/Users/Imran/Documents/ece532/tutorial_2/tutorial_2.sdk/hello_world/Debug/hello_world.elf' is downloaded to processor 'microblaze_0'.
01:09:05 INFO  : ----------------XSDB Script----------------
connect -url tcp:127.0.0.1:3121
configparams mdm-detect-bscan-mask 2
targets -set -nocase -filter {name =~ "microblaze*#0" && bscan=="USER2"  && jtag_cable_name =~ "Digilent Nexys4DDR 210292646020A"} -index 0
rst -processor
targets -set -nocase -filter {name =~ "microblaze*#0" && bscan=="USER2"  && jtag_cable_name =~ "Digilent Nexys4DDR 210292646020A"} -index 0
dow C:/Users/Imran/Documents/ece532/tutorial_2/tutorial_2.sdk/hello_world/Debug/hello_world.elf
----------------End of Script----------------

01:09:05 INFO  : Context for processor 'microblaze_0' is selected.
01:09:05 INFO  : 'con' command is executed.
01:09:05 INFO  : ----------------XSDB Script (After Launch)----------------
targets -set -nocase -filter {name =~ "microblaze*#0" && bscan=="USER2"  && jtag_cable_name =~ "Digilent Nexys4DDR 210292646020A"} -index 0
con
----------------End of Script----------------

01:09:05 INFO  : Disconnected from the channel tcfchan#14.
